14:14:00 DeepSdf - INFO - Experiment description: 
This experiment learns a shape representation for unit cells
14:14:00 DeepSdf - INFO - training with 1 GPU(s)
14:14:11 DeepSdf - INFO - There are 81221 scenes
14:14:11 DeepSdf - INFO - starting from epoch 1
14:14:11 DeepSdf - INFO - Number of decoder parameters: 1843677
14:14:11 DeepSdf - INFO - Number of shape code parameters: 1299536 (# codes 81221, code dim 16)
14:14:11 DeepSdf - INFO - epoch 1...
/usr2/mkofler/.conda/envs/pytorch/lib/python3.11/site-packages/torch/nn/parallel/comm.py:227: UserWarning: Using -1 to represent CPU tensor is deprecated. Please use a device object or string instead, e.g., "cpu".
  warnings.warn(
14:20:09 DeepSdf - INFO - epoch 2...
14:26:04 DeepSdf - INFO - epoch 3...
14:32:01 DeepSdf - INFO - epoch 4...
14:37:59 DeepSdf - INFO - epoch 5...
14:44:08 DeepSdf - INFO - epoch 6...
14:50:14 DeepSdf - INFO - epoch 7...
14:56:11 DeepSdf - INFO - epoch 8...
15:02:05 DeepSdf - INFO - epoch 9...
15:07:59 DeepSdf - INFO - epoch 10...
15:14:11 DeepSdf - INFO - epoch 11...
15:20:12 DeepSdf - INFO - epoch 12...
15:26:15 DeepSdf - INFO - epoch 13...
15:32:15 DeepSdf - INFO - epoch 14...
15:38:13 DeepSdf - INFO - epoch 15...
15:44:18 DeepSdf - INFO - epoch 16...
15:50:13 DeepSdf - INFO - epoch 17...
15:56:07 DeepSdf - INFO - epoch 18...
16:02:02 DeepSdf - INFO - epoch 19...
16:08:01 DeepSdf - INFO - epoch 20...
16:14:18 DeepSdf - INFO - epoch 21...
16:20:22 DeepSdf - INFO - epoch 22...
16:26:16 DeepSdf - INFO - epoch 23...
16:32:10 DeepSdf - INFO - epoch 24...
16:38:04 DeepSdf - INFO - epoch 25...
16:44:13 DeepSdf - INFO - epoch 26...
16:50:07 DeepSdf - INFO - epoch 27...
16:56:03 DeepSdf - INFO - epoch 28...
17:01:57 DeepSdf - INFO - epoch 29...
17:07:55 DeepSdf - INFO - epoch 30...
17:14:02 DeepSdf - INFO - epoch 31...
17:19:59 DeepSdf - INFO - epoch 32...
17:25:54 DeepSdf - INFO - epoch 33...
17:31:49 DeepSdf - INFO - epoch 34...
17:37:45 DeepSdf - INFO - epoch 35...
17:43:53 DeepSdf - INFO - epoch 36...
17:49:48 DeepSdf - INFO - epoch 37...
17:55:44 DeepSdf - INFO - epoch 38...
18:01:40 DeepSdf - INFO - epoch 39...
18:07:35 DeepSdf - INFO - epoch 40...
18:13:42 DeepSdf - INFO - epoch 41...
18:19:37 DeepSdf - INFO - epoch 42...
18:25:32 DeepSdf - INFO - epoch 43...
18:31:26 DeepSdf - INFO - epoch 44...
18:37:20 DeepSdf - INFO - epoch 45...
18:43:28 DeepSdf - INFO - epoch 46...
18:49:23 DeepSdf - INFO - epoch 47...
18:55:20 DeepSdf - INFO - epoch 48...
19:01:15 DeepSdf - INFO - epoch 49...
19:07:12 DeepSdf - INFO - epoch 50...
19:13:21 DeepSdf - INFO - epoch 51...
19:19:16 DeepSdf - INFO - epoch 52...
19:25:11 DeepSdf - INFO - epoch 53...
19:31:06 DeepSdf - INFO - epoch 54...
19:37:01 DeepSdf - INFO - epoch 55...
19:43:08 DeepSdf - INFO - epoch 56...
19:49:04 DeepSdf - INFO - epoch 57...
19:55:00 DeepSdf - INFO - epoch 58...
20:00:56 DeepSdf - INFO - epoch 59...
20:06:52 DeepSdf - INFO - epoch 60...
20:13:00 DeepSdf - INFO - epoch 61...
20:18:55 DeepSdf - INFO - epoch 62...
20:24:50 DeepSdf - INFO - epoch 63...
20:30:45 DeepSdf - INFO - epoch 64...
20:36:40 DeepSdf - INFO - epoch 65...
20:42:48 DeepSdf - INFO - epoch 66...
20:48:43 DeepSdf - INFO - epoch 67...
20:54:37 DeepSdf - INFO - epoch 68...
21:00:33 DeepSdf - INFO - epoch 69...
21:06:30 DeepSdf - INFO - epoch 70...
21:12:38 DeepSdf - INFO - epoch 71...
21:18:34 DeepSdf - INFO - epoch 72...
21:24:29 DeepSdf - INFO - epoch 73...
21:30:24 DeepSdf - INFO - epoch 74...
21:36:19 DeepSdf - INFO - epoch 75...
21:42:26 DeepSdf - INFO - epoch 76...
21:48:21 DeepSdf - INFO - epoch 77...
21:54:17 DeepSdf - INFO - epoch 78...
22:00:12 DeepSdf - INFO - epoch 79...
22:06:08 DeepSdf - INFO - epoch 80...
22:12:17 DeepSdf - INFO - epoch 81...
22:18:14 DeepSdf - INFO - epoch 82...
22:24:09 DeepSdf - INFO - epoch 83...
22:30:06 DeepSdf - INFO - epoch 84...
22:36:04 DeepSdf - INFO - epoch 85...
22:42:12 DeepSdf - INFO - epoch 86...
22:48:08 DeepSdf - INFO - epoch 87...
22:54:02 DeepSdf - INFO - epoch 88...
22:59:57 DeepSdf - INFO - epoch 89...
23:05:52 DeepSdf - INFO - epoch 90...
23:12:00 DeepSdf - INFO - epoch 91...
23:17:59 DeepSdf - INFO - epoch 92...
23:23:54 DeepSdf - INFO - epoch 93...
23:29:50 DeepSdf - INFO - epoch 94...
23:35:45 DeepSdf - INFO - epoch 95...
23:41:54 DeepSdf - INFO - epoch 96...
23:47:48 DeepSdf - INFO - epoch 97...
23:53:45 DeepSdf - INFO - epoch 98...
23:59:39 DeepSdf - INFO - epoch 99...
00:05:35 DeepSdf - INFO - epoch 100...
00:11:42 DeepSdf - INFO - epoch 101...
00:17:38 DeepSdf - INFO - epoch 102...
00:23:33 DeepSdf - INFO - epoch 103...
00:29:27 DeepSdf - INFO - epoch 104...
00:35:21 DeepSdf - INFO - epoch 105...
00:41:31 DeepSdf - INFO - epoch 106...
00:47:25 DeepSdf - INFO - epoch 107...
00:53:18 DeepSdf - INFO - epoch 108...
00:59:15 DeepSdf - INFO - epoch 109...
01:05:10 DeepSdf - INFO - epoch 110...
01:11:18 DeepSdf - INFO - epoch 111...
01:17:13 DeepSdf - INFO - epoch 112...
01:23:08 DeepSdf - INFO - epoch 113...
01:29:01 DeepSdf - INFO - epoch 114...
01:34:56 DeepSdf - INFO - epoch 115...
01:41:05 DeepSdf - INFO - epoch 116...
01:47:00 DeepSdf - INFO - epoch 117...
01:52:55 DeepSdf - INFO - epoch 118...
01:58:50 DeepSdf - INFO - epoch 119...
02:04:45 DeepSdf - INFO - epoch 120...
02:10:52 DeepSdf - INFO - epoch 121...
02:16:48 DeepSdf - INFO - epoch 122...
02:22:44 DeepSdf - INFO - epoch 123...
02:28:40 DeepSdf - INFO - epoch 124...
02:34:36 DeepSdf - INFO - epoch 125...
02:40:43 DeepSdf - INFO - epoch 126...
02:46:41 DeepSdf - INFO - epoch 127...
02:52:36 DeepSdf - INFO - epoch 128...
02:58:31 DeepSdf - INFO - epoch 129...
03:04:26 DeepSdf - INFO - epoch 130...
03:10:34 DeepSdf - INFO - epoch 131...
03:16:30 DeepSdf - INFO - epoch 132...
03:22:26 DeepSdf - INFO - epoch 133...
03:28:21 DeepSdf - INFO - epoch 134...
03:34:17 DeepSdf - INFO - epoch 135...
03:40:25 DeepSdf - INFO - epoch 136...
03:46:20 DeepSdf - INFO - epoch 137...
03:52:15 DeepSdf - INFO - epoch 138...
03:58:10 DeepSdf - INFO - epoch 139...
04:04:05 DeepSdf - INFO - epoch 140...
04:10:12 DeepSdf - INFO - epoch 141...
04:16:08 DeepSdf - INFO - epoch 142...
04:22:02 DeepSdf - INFO - epoch 143...
04:27:57 DeepSdf - INFO - epoch 144...
04:33:53 DeepSdf - INFO - epoch 145...
04:40:01 DeepSdf - INFO - epoch 146...
04:45:56 DeepSdf - INFO - epoch 147...
04:51:51 DeepSdf - INFO - epoch 148...
04:57:47 DeepSdf - INFO - epoch 149...
05:03:41 DeepSdf - INFO - epoch 150...
05:09:49 DeepSdf - INFO - epoch 151...
05:15:44 DeepSdf - INFO - epoch 152...
05:21:40 DeepSdf - INFO - epoch 153...
05:27:34 DeepSdf - INFO - epoch 154...
05:33:31 DeepSdf - INFO - epoch 155...
05:39:39 DeepSdf - INFO - epoch 156...
05:45:34 DeepSdf - INFO - epoch 157...
05:51:29 DeepSdf - INFO - epoch 158...
05:57:23 DeepSdf - INFO - epoch 159...
06:03:19 DeepSdf - INFO - epoch 160...
06:09:28 DeepSdf - INFO - epoch 161...
06:15:23 DeepSdf - INFO - epoch 162...
06:21:18 DeepSdf - INFO - epoch 163...
06:27:12 DeepSdf - INFO - epoch 164...
06:33:06 DeepSdf - INFO - epoch 165...
06:39:13 DeepSdf - INFO - epoch 166...
06:45:08 DeepSdf - INFO - epoch 167...
06:51:04 DeepSdf - INFO - epoch 168...
06:56:59 DeepSdf - INFO - epoch 169...
07:02:54 DeepSdf - INFO - epoch 170...
07:09:01 DeepSdf - INFO - epoch 171...
07:14:57 DeepSdf - INFO - epoch 172...
07:20:52 DeepSdf - INFO - epoch 173...
07:26:48 DeepSdf - INFO - epoch 174...
07:32:43 DeepSdf - INFO - epoch 175...
07:38:51 DeepSdf - INFO - epoch 176...
07:44:46 DeepSdf - INFO - epoch 177...
07:50:43 DeepSdf - INFO - epoch 178...
07:56:38 DeepSdf - INFO - epoch 179...
08:02:34 DeepSdf - INFO - epoch 180...
08:08:41 DeepSdf - INFO - epoch 181...
08:14:36 DeepSdf - INFO - epoch 182...
08:20:30 DeepSdf - INFO - epoch 183...
08:26:25 DeepSdf - INFO - epoch 184...
08:32:19 DeepSdf - INFO - epoch 185...
08:38:26 DeepSdf - INFO - epoch 186...
08:44:19 DeepSdf - INFO - epoch 187...
08:50:15 DeepSdf - INFO - epoch 188...
08:56:10 DeepSdf - INFO - epoch 189...
09:02:06 DeepSdf - INFO - epoch 190...
09:08:13 DeepSdf - INFO - epoch 191...
09:14:06 DeepSdf - INFO - epoch 192...
09:20:00 DeepSdf - INFO - epoch 193...
09:25:54 DeepSdf - INFO - epoch 194...
09:31:49 DeepSdf - INFO - epoch 195...
09:37:55 DeepSdf - INFO - epoch 196...
09:43:49 DeepSdf - INFO - epoch 197...
09:49:44 DeepSdf - INFO - epoch 198...
09:55:38 DeepSdf - INFO - epoch 199...
10:01:33 DeepSdf - INFO - epoch 200...
10:07:41 DeepSdf - INFO - epoch 201...
10:13:36 DeepSdf - INFO - epoch 202...
10:19:31 DeepSdf - INFO - epoch 203...
10:25:26 DeepSdf - INFO - epoch 204...
10:31:23 DeepSdf - INFO - epoch 205...
10:37:30 DeepSdf - INFO - epoch 206...
10:43:26 DeepSdf - INFO - epoch 207...
10:49:20 DeepSdf - INFO - epoch 208...
10:55:15 DeepSdf - INFO - epoch 209...
11:01:10 DeepSdf - INFO - epoch 210...
11:07:17 DeepSdf - INFO - epoch 211...
11:13:12 DeepSdf - INFO - epoch 212...
11:19:07 DeepSdf - INFO - epoch 213...
11:25:02 DeepSdf - INFO - epoch 214...
11:30:57 DeepSdf - INFO - epoch 215...
11:37:05 DeepSdf - INFO - epoch 216...
11:43:00 DeepSdf - INFO - epoch 217...
11:48:55 DeepSdf - INFO - epoch 218...
11:54:50 DeepSdf - INFO - epoch 219...
12:00:45 DeepSdf - INFO - epoch 220...
12:06:54 DeepSdf - INFO - epoch 221...
12:12:46 DeepSdf - INFO - epoch 222...
12:18:40 DeepSdf - INFO - epoch 223...
12:24:34 DeepSdf - INFO - epoch 224...
12:30:27 DeepSdf - INFO - epoch 225...
12:36:33 DeepSdf - INFO - epoch 226...
12:42:27 DeepSdf - INFO - epoch 227...
12:48:20 DeepSdf - INFO - epoch 228...
12:54:13 DeepSdf - INFO - epoch 229...
13:00:06 DeepSdf - INFO - epoch 230...
13:06:13 DeepSdf - INFO - epoch 231...
13:12:07 DeepSdf - INFO - epoch 232...
13:18:01 DeepSdf - INFO - epoch 233...
13:23:55 DeepSdf - INFO - epoch 234...
13:29:48 DeepSdf - INFO - epoch 235...
13:35:55 DeepSdf - INFO - epoch 236...
13:41:49 DeepSdf - INFO - epoch 237...
13:47:42 DeepSdf - INFO - epoch 238...
13:53:36 DeepSdf - INFO - epoch 239...
13:59:28 DeepSdf - INFO - epoch 240...
14:05:35 DeepSdf - INFO - epoch 241...
14:11:29 DeepSdf - INFO - epoch 242...
14:17:23 DeepSdf - INFO - epoch 243...
14:23:17 DeepSdf - INFO - epoch 244...
14:29:09 DeepSdf - INFO - epoch 245...
14:35:16 DeepSdf - INFO - epoch 246...
14:41:09 DeepSdf - INFO - epoch 247...
14:47:03 DeepSdf - INFO - epoch 248...
14:52:56 DeepSdf - INFO - epoch 249...
14:58:50 DeepSdf - INFO - epoch 250...
15:04:57 DeepSdf - INFO - epoch 251...
15:10:50 DeepSdf - INFO - epoch 252...
15:16:44 DeepSdf - INFO - epoch 253...
15:22:39 DeepSdf - INFO - epoch 254...
15:28:32 DeepSdf - INFO - epoch 255...
15:34:38 DeepSdf - INFO - epoch 256...
15:40:30 DeepSdf - INFO - epoch 257...
15:46:23 DeepSdf - INFO - epoch 258...
15:52:19 DeepSdf - INFO - epoch 259...
15:58:13 DeepSdf - INFO - epoch 260...
16:04:19 DeepSdf - INFO - epoch 261...
16:10:14 DeepSdf - INFO - epoch 262...
16:16:09 DeepSdf - INFO - epoch 263...
16:22:04 DeepSdf - INFO - epoch 264...
16:27:59 DeepSdf - INFO - epoch 265...
16:34:07 DeepSdf - INFO - epoch 266...
16:40:00 DeepSdf - INFO - epoch 267...
16:45:54 DeepSdf - INFO - epoch 268...
16:51:49 DeepSdf - INFO - epoch 269...
16:57:44 DeepSdf - INFO - epoch 270...
17:03:52 DeepSdf - INFO - epoch 271...
17:09:44 DeepSdf - INFO - epoch 272...
17:15:39 DeepSdf - INFO - epoch 273...
17:21:32 DeepSdf - INFO - epoch 274...
17:27:27 DeepSdf - INFO - epoch 275...
17:33:33 DeepSdf - INFO - epoch 276...
17:39:27 DeepSdf - INFO - epoch 277...
17:45:21 DeepSdf - INFO - epoch 278...
17:51:17 DeepSdf - INFO - epoch 279...
17:57:11 DeepSdf - INFO - epoch 280...
18:03:19 DeepSdf - INFO - epoch 281...
18:09:14 DeepSdf - INFO - epoch 282...
18:15:09 DeepSdf - INFO - epoch 283...
18:21:03 DeepSdf - INFO - epoch 284...
18:26:57 DeepSdf - INFO - epoch 285...
18:33:05 DeepSdf - INFO - epoch 286...
18:38:59 DeepSdf - INFO - epoch 287...
18:44:55 DeepSdf - INFO - epoch 288...
18:50:50 DeepSdf - INFO - epoch 289...
18:56:45 DeepSdf - INFO - epoch 290...
19:02:54 DeepSdf - INFO - epoch 291...
19:08:50 DeepSdf - INFO - epoch 292...
19:14:46 DeepSdf - INFO - epoch 293...
19:20:41 DeepSdf - INFO - epoch 294...
19:26:36 DeepSdf - INFO - epoch 295...
19:32:43 DeepSdf - INFO - epoch 296...
19:38:38 DeepSdf - INFO - epoch 297...
19:44:33 DeepSdf - INFO - epoch 298...
19:50:27 DeepSdf - INFO - epoch 299...
19:56:23 DeepSdf - INFO - epoch 300...
20:02:30 DeepSdf - INFO - epoch 301...
20:08:25 DeepSdf - INFO - epoch 302...
20:14:18 DeepSdf - INFO - epoch 303...
20:20:14 DeepSdf - INFO - epoch 304...
20:26:10 DeepSdf - INFO - epoch 305...
20:32:17 DeepSdf - INFO - epoch 306...
20:38:12 DeepSdf - INFO - epoch 307...
20:44:08 DeepSdf - INFO - epoch 308...
20:50:03 DeepSdf - INFO - epoch 309...
20:55:59 DeepSdf - INFO - epoch 310...
21:02:08 DeepSdf - INFO - epoch 311...
21:08:04 DeepSdf - INFO - epoch 312...
21:14:00 DeepSdf - INFO - epoch 313...
21:19:56 DeepSdf - INFO - epoch 314...
21:25:51 DeepSdf - INFO - epoch 315...
21:31:58 DeepSdf - INFO - epoch 316...
21:37:53 DeepSdf - INFO - epoch 317...
21:43:48 DeepSdf - INFO - epoch 318...
21:49:43 DeepSdf - INFO - epoch 319...
21:55:39 DeepSdf - INFO - epoch 320...
22:01:47 DeepSdf - INFO - epoch 321...
22:07:43 DeepSdf - INFO - epoch 322...
22:13:40 DeepSdf - INFO - epoch 323...
22:19:34 DeepSdf - INFO - epoch 324...
22:25:31 DeepSdf - INFO - epoch 325...
22:31:39 DeepSdf - INFO - epoch 326...
22:37:35 DeepSdf - INFO - epoch 327...
22:43:32 DeepSdf - INFO - epoch 328...
22:49:29 DeepSdf - INFO - epoch 329...
22:55:25 DeepSdf - INFO - epoch 330...
23:01:33 DeepSdf - INFO - epoch 331...
23:07:27 DeepSdf - INFO - epoch 332...
23:13:23 DeepSdf - INFO - epoch 333...
23:19:19 DeepSdf - INFO - epoch 334...
23:25:14 DeepSdf - INFO - epoch 335...
23:31:23 DeepSdf - INFO - epoch 336...
23:37:20 DeepSdf - INFO - epoch 337...
23:43:16 DeepSdf - INFO - epoch 338...
23:49:12 DeepSdf - INFO - epoch 339...
23:55:08 DeepSdf - INFO - epoch 340...
00:01:17 DeepSdf - INFO - epoch 341...
00:07:13 DeepSdf - INFO - epoch 342...
00:13:09 DeepSdf - INFO - epoch 343...
00:19:05 DeepSdf - INFO - epoch 344...
00:25:01 DeepSdf - INFO - epoch 345...
00:31:09 DeepSdf - INFO - epoch 346...
00:37:05 DeepSdf - INFO - epoch 347...
00:43:01 DeepSdf - INFO - epoch 348...
00:48:56 DeepSdf - INFO - epoch 349...
00:54:52 DeepSdf - INFO - epoch 350...
01:01:00 DeepSdf - INFO - epoch 351...
01:06:56 DeepSdf - INFO - epoch 352...
01:12:52 DeepSdf - INFO - epoch 353...
01:18:47 DeepSdf - INFO - epoch 354...
01:24:43 DeepSdf - INFO - epoch 355...
01:30:51 DeepSdf - INFO - epoch 356...
01:36:46 DeepSdf - INFO - epoch 357...
01:42:44 DeepSdf - INFO - epoch 358...
01:48:39 DeepSdf - INFO - epoch 359...
01:54:34 DeepSdf - INFO - epoch 360...
02:00:42 DeepSdf - INFO - epoch 361...
02:06:37 DeepSdf - INFO - epoch 362...
02:12:34 DeepSdf - INFO - epoch 363...
02:18:28 DeepSdf - INFO - epoch 364...
02:24:24 DeepSdf - INFO - epoch 365...
02:30:32 DeepSdf - INFO - epoch 366...
02:36:28 DeepSdf - INFO - epoch 367...
02:42:23 DeepSdf - INFO - epoch 368...
02:48:19 DeepSdf - INFO - epoch 369...
02:54:15 DeepSdf - INFO - epoch 370...
03:00:23 DeepSdf - INFO - epoch 371...
03:06:21 DeepSdf - INFO - epoch 372...
03:12:16 DeepSdf - INFO - epoch 373...
03:18:11 DeepSdf - INFO - epoch 374...
03:24:07 DeepSdf - INFO - epoch 375...
03:30:17 DeepSdf - INFO - epoch 376...
03:36:12 DeepSdf - INFO - epoch 377...
03:42:09 DeepSdf - INFO - epoch 378...
03:48:04 DeepSdf - INFO - epoch 379...
03:54:00 DeepSdf - INFO - epoch 380...
04:00:09 DeepSdf - INFO - epoch 381...
04:06:05 DeepSdf - INFO - epoch 382...
04:12:00 DeepSdf - INFO - epoch 383...
04:17:54 DeepSdf - INFO - epoch 384...
04:23:49 DeepSdf - INFO - epoch 385...
04:29:56 DeepSdf - INFO - epoch 386...
04:35:51 DeepSdf - INFO - epoch 387...
04:41:47 DeepSdf - INFO - epoch 388...
04:47:43 DeepSdf - INFO - epoch 389...
04:53:40 DeepSdf - INFO - epoch 390...
04:59:49 DeepSdf - INFO - epoch 391...
05:05:45 DeepSdf - INFO - epoch 392...
05:11:40 DeepSdf - INFO - epoch 393...
05:17:35 DeepSdf - INFO - epoch 394...
05:23:30 DeepSdf - INFO - epoch 395...
05:29:37 DeepSdf - INFO - epoch 396...
05:35:32 DeepSdf - INFO - epoch 397...
05:41:29 DeepSdf - INFO - epoch 398...
05:47:25 DeepSdf - INFO - epoch 399...
05:53:21 DeepSdf - INFO - epoch 400...
05:59:28 DeepSdf - INFO - epoch 401...
06:05:24 DeepSdf - INFO - epoch 402...
06:11:18 DeepSdf - INFO - epoch 403...
06:17:13 DeepSdf - INFO - epoch 404...
06:23:09 DeepSdf - INFO - epoch 405...
06:29:17 DeepSdf - INFO - epoch 406...
06:35:12 DeepSdf - INFO - epoch 407...
06:41:09 DeepSdf - INFO - epoch 408...
06:47:03 DeepSdf - INFO - epoch 409...
06:52:58 DeepSdf - INFO - epoch 410...
06:59:05 DeepSdf - INFO - epoch 411...
07:05:01 DeepSdf - INFO - epoch 412...
07:10:55 DeepSdf - INFO - epoch 413...
07:16:50 DeepSdf - INFO - epoch 414...
07:22:43 DeepSdf - INFO - epoch 415...
07:28:48 DeepSdf - INFO - epoch 416...
07:34:42 DeepSdf - INFO - epoch 417...
07:40:35 DeepSdf - INFO - epoch 418...
07:46:28 DeepSdf - INFO - epoch 419...
07:52:23 DeepSdf - INFO - epoch 420...
07:58:30 DeepSdf - INFO - epoch 421...
08:04:27 DeepSdf - INFO - epoch 422...
08:10:25 DeepSdf - INFO - epoch 423...
08:16:22 DeepSdf - INFO - epoch 424...
08:22:15 DeepSdf - INFO - epoch 425...
08:28:22 DeepSdf - INFO - epoch 426...
08:34:15 DeepSdf - INFO - epoch 427...
08:40:08 DeepSdf - INFO - epoch 428...
08:46:03 DeepSdf - INFO - epoch 429...
08:51:56 DeepSdf - INFO - epoch 430...
08:58:04 DeepSdf - INFO - epoch 431...
09:03:58 DeepSdf - INFO - epoch 432...
09:09:54 DeepSdf - INFO - epoch 433...
09:15:50 DeepSdf - INFO - epoch 434...
09:21:45 DeepSdf - INFO - epoch 435...
09:27:52 DeepSdf - INFO - epoch 436...
09:33:46 DeepSdf - INFO - epoch 437...
09:39:41 DeepSdf - INFO - epoch 438...
09:45:34 DeepSdf - INFO - epoch 439...
09:51:28 DeepSdf - INFO - epoch 440...
09:57:34 DeepSdf - INFO - epoch 441...
10:03:27 DeepSdf - INFO - epoch 442...
