15:45:32 opti - INFO - Starting optimization in optimization_runs/opti_double_lattice
15:45:32 opti - DEBUG - Computing Solution
15:45:32 opti - DEBUG - Generating Geometry
15:45:33 opti - DEBUG - Writing surface mesh to simulation/tmpgzd9cnnx/simulation_1/surf1.inp
15:45:38 opti - DEBUG - Vol: 0.8286, dVol: [-2.78651357e-03  1.34787604e-02 -9.98783537e-03  4.28348825e-02
 -1.18431876e-02  2.44208551e-02 -9.82807659e-03  4.29136381e-02
 -2.90648472e-03  1.37091507e-02 -4.73124591e-03  3.15079132e-02
 -5.09496340e-03  1.02201520e-01 -2.13045503e-02  5.54485897e-02
 -4.50480141e-03  1.02674694e-01 -4.42015509e-03  3.36274108e-02
 -1.41489893e-03  1.28726585e-02 -1.13933619e-03  3.92038766e-02
 -6.92339561e-03  2.25806427e-02 -9.37521341e-04  3.93036281e-02
 -1.53195297e-03  1.31523934e-02 -1.36681328e-02  1.39202664e-02
 -5.44172839e-02  4.75203098e-02 -3.02242469e-02  2.54952982e-02
 -5.38305840e-02  4.72246901e-02 -1.46860277e-02  1.24380154e-02
 -2.49233591e-02  2.50702648e-02 -1.17090993e-01  9.02783329e-02
 -6.77617935e-02  4.93358725e-02 -1.17017314e-01  9.06319830e-02
 -2.55735427e-02  2.60121852e-02 -8.37930810e-03  1.14638896e-02
 -4.83151431e-02  3.53510217e-02 -2.65622823e-02  2.40682970e-02
 -4.84759579e-02  3.52740204e-02 -9.44291562e-03  1.00220294e-02
 -1.43472950e-03  7.88286468e-03 -2.50434869e-05  2.49386761e-02
 -5.01326446e-03  1.47817462e-02 -7.43701578e-05  2.49639015e-02
 -1.91520485e-03  7.65417586e-03 -3.73779172e-03  1.68891415e-02
  2.08671474e-03  6.00521187e-02 -1.10904018e-02  3.13461296e-02
  1.99356795e-03  6.03478966e-02 -4.16427833e-03  1.76527432e-02
 -1.44820002e-03  7.65500889e-03  4.04160052e-04  2.47270998e-02
 -5.01432945e-03  1.47017949e-02  3.22750094e-04  2.47644937e-02
 -1.78284960e-03  7.36756447e-03]
