11:36:59 geometry - DEBUG - Initialied latent vector with [5 2 3] control points
11:36:59 opti - DEBUG - Settings bounds to (-0.5, 0.5)
11:36:59 opti - INFO - Starting optimization in optimization_runs/opti_double_lattice_8x4_no_topo on a-a100-q-6
11:36:59 opti - INFO - Older simulation files detected.
11:36:59 opti - INFO - Moving simulation_8 to optimization_runs/opti_double_lattice_8x4_no_topo/old_sims
11:36:59 opti - INFO - Older simulation files detected.
11:36:59 opti - INFO - Moving simulation_3 to optimization_runs/opti_double_lattice_8x4_no_topo/old_sims
11:36:59 opti - INFO - Older simulation files detected.
11:36:59 opti - INFO - Moving simulation_1 to optimization_runs/opti_double_lattice_8x4_no_topo/old_sims
11:36:59 opti - INFO - Older simulation files detected.
11:36:59 opti - INFO - Moving simulation_5 to optimization_runs/opti_double_lattice_8x4_no_topo/old_sims
11:37:00 opti - INFO - Older simulation files detected.
11:37:00 opti - INFO - Moving simulation_4 to optimization_runs/opti_double_lattice_8x4_no_topo/old_sims
11:37:00 opti - INFO - Older simulation files detected.
11:37:00 opti - INFO - Moving simulation_7 to optimization_runs/opti_double_lattice_8x4_no_topo/old_sims
11:37:00 opti - INFO - Older simulation files detected.
11:37:00 opti - INFO - Moving simulation_2 to optimization_runs/opti_double_lattice_8x4_no_topo/old_sims
11:37:00 opti - INFO - Older simulation files detected.
11:37:00 opti - INFO - Moving simulation_6 to optimization_runs/opti_double_lattice_8x4_no_topo/old_sims
11:37:00 opti - DEBUG - Computing Solution
11:37:00 opti - DEBUG - Generating Geometry
11:37:01 mesh - DEBUG - Querying 316030 DeepSDF points
11:37:01 utils - DEBUG - torch.cuda.memory_allocated: 312.69MiB | torch.cuda.memory_reserved: 438.00MiB
11:37:01 mesh - DEBUG - Computing DeepSDF derivatives
11:37:02 mesh - DEBUG - Time for querying 316030 points and computing derivatives: 1.1657090187072754
11:37:02 mesh - DEBUG - Maximum memory used by cuda: 965.23MiB
11:37:02 geometry - DEBUG - Removing orphan meshs
11:37:02 opti - DEBUG - Writing surface mesh to simulation/tmpoespe6h3/simulation_1/surf1.inp
11:37:03 geometry - DEBUG - Tetrahedralizing surface mesh
11:37:18 geometry - DEBUG - Exporting mesh with 573035 elements, 123472 vertices, 3292 boundaries with marker 1, 8034 boundaries with marker 2, and 150978 boundaries with marker 3.
11:37:23 geometry - DEBUG - 1 0-Normal vectors detected
11:37:50 opti - DEBUG - Volume: 1.3571, dVolume: (60,) array with mean -0.0098787
11:39:35 opti - DEBUG - Compliance: 3.2946, dCompliance: (60,) array with mean 2.1533e-07
11:39:35 opti - DEBUG - Finished iteration 1  with compliance 3.294598300946504 and volume 1.3571383715752412
11:39:35 opti - DEBUG - Saving simulation results to optimization_runs/opti_double_lattice_8x4_no_topo/simulation_1
11:39:35 MMA - INFO - It.:    1 | Obj.: 1.000e+00 | Constr.:  8.571e-01 | ch.: 1.000e+00 | C: 3.295e+00
11:39:35 opti - DEBUG - Computing Solution
11:39:35 opti - DEBUG - Generating Geometry
11:39:35 mesh - DEBUG - Querying 316030 DeepSDF points
11:39:35 utils - DEBUG - torch.cuda.memory_allocated: 324.17MiB | torch.cuda.memory_reserved: 598.00MiB
11:39:35 mesh - DEBUG - Computing DeepSDF derivatives
11:39:36 mesh - DEBUG - Time for querying 316030 points and computing derivatives: 0.8976154327392578
11:39:36 mesh - DEBUG - Maximum memory used by cuda: 976.16MiB
11:39:36 geometry - DEBUG - Removing orphan meshs
11:39:36 opti - DEBUG - Writing surface mesh to simulation/tmpyw9w_a5s/simulation_2/surf2.inp
11:39:37 geometry - DEBUG - Tetrahedralizing surface mesh
11:39:53 geometry - DEBUG - Exporting mesh with 574303 elements, 125901 vertices, 3292 boundaries with marker 1, 8034 boundaries with marker 2, and 162474 boundaries with marker 3.
11:39:58 geometry - DEBUG - 1 0-Normal vectors detected
11:40:25 opti - DEBUG - Volume: 1.269, dVolume: (60,) array with mean -0.012283
11:42:20 opti - DEBUG - Compliance: 4.1938, dCompliance: (60,) array with mean 3.1318e-07
11:42:20 opti - DEBUG - Finished iteration 2  with compliance 4.193756811249651 and volume 1.2689937836667728
11:42:20 opti - DEBUG - Saving simulation results to optimization_runs/opti_double_lattice_8x4_no_topo/simulation_2
11:42:20 MMA - INFO - It.:    2 | Obj.: 1.273e+00 | Constr.:  7.690e-01 | ch.: 3.792e-01 | C: 4.194e+00
11:42:20 opti - DEBUG - Computing Solution
11:42:20 opti - DEBUG - Generating Geometry
11:42:20 mesh - DEBUG - Querying 316030 DeepSDF points
11:42:20 utils - DEBUG - torch.cuda.memory_allocated: 325.77MiB | torch.cuda.memory_reserved: 622.00MiB
11:42:20 mesh - DEBUG - Computing DeepSDF derivatives
11:42:21 mesh - DEBUG - Time for querying 316030 points and computing derivatives: 0.9056351184844971
11:42:21 mesh - DEBUG - Maximum memory used by cuda: 1001.06MiB
11:42:21 geometry - DEBUG - Removing orphan meshs
11:42:21 opti - DEBUG - Writing surface mesh to simulation/tmpd6a2ld8m/simulation_3/surf3.inp
11:42:22 geometry - DEBUG - Tetrahedralizing surface mesh
11:42:41 geometry - DEBUG - Exporting mesh with 549248 elements, 124880 vertices, 3292 boundaries with marker 1, 8034 boundaries with marker 2, and 173946 boundaries with marker 3.
11:42:45 geometry - DEBUG - 1 0-Normal vectors detected
11:43:15 opti - DEBUG - Volume: 1.1682, dVolume: (60,) array with mean -0.013329
11:45:07 opti - DEBUG - Compliance: 5.2373, dCompliance: (60,) array with mean 5.456e-07
11:45:07 opti - DEBUG - Finished iteration 3  with compliance 5.2373335018024685 and volume 1.1681573675324919
11:45:07 opti - DEBUG - Saving simulation results to optimization_runs/opti_double_lattice_8x4_no_topo/simulation_3
11:45:07 MMA - INFO - It.:    3 | Obj.: 1.590e+00 | Constr.:  6.682e-01 | ch.: 1.061e-06 | C: 5.237e+00
11:45:07 opti - DEBUG - Computing Solution
11:45:07 opti - DEBUG - Generating Geometry
11:45:07 mesh - DEBUG - Querying 316030 DeepSDF points
11:45:07 utils - DEBUG - torch.cuda.memory_allocated: 327.29MiB | torch.cuda.memory_reserved: 746.00MiB
11:45:07 mesh - DEBUG - Computing DeepSDF derivatives
11:45:08 mesh - DEBUG - Time for querying 316030 points and computing derivatives: 0.924924373626709
11:45:08 mesh - DEBUG - Maximum memory used by cuda: 1011.02MiB
11:45:08 geometry - DEBUG - Removing orphan meshs
11:45:08 opti - DEBUG - Writing surface mesh to simulation/tmpuozmxai4/simulation_4/surf4.inp
11:45:09 geometry - DEBUG - Tetrahedralizing surface mesh
11:45:25 geometry - DEBUG - Exporting mesh with 484678 elements, 119928 vertices, 3292 boundaries with marker 1, 8034 boundaries with marker 2, and 185974 boundaries with marker 3.
11:45:30 geometry - DEBUG - 1 0-Normal vectors detected
11:45:58 opti - DEBUG - Volume: 1.0423, dVolume: (60,) array with mean -0.012168
11:47:51 opti - DEBUG - Compliance: 6.8539, dCompliance: (60,) array with mean 5.476e-07
11:47:51 opti - DEBUG - Finished iteration 4  with compliance 6.853928914920597 and volume 1.0422856686568238
11:47:51 opti - DEBUG - Saving simulation results to optimization_runs/opti_double_lattice_8x4_no_topo/simulation_4
11:47:52 MMA - INFO - It.:    4 | Obj.: 2.080e+00 | Constr.:  5.423e-01 | ch.: 2.362e-07 | C: 6.854e+00
11:47:52 opti - DEBUG - Computing Solution
11:47:52 opti - DEBUG - Generating Geometry
11:47:52 mesh - DEBUG - Querying 316030 DeepSDF points
11:47:52 utils - DEBUG - torch.cuda.memory_allocated: 331.61MiB | torch.cuda.memory_reserved: 770.00MiB
11:47:52 mesh - DEBUG - Computing DeepSDF derivatives
11:47:53 mesh - DEBUG - Time for querying 316030 points and computing derivatives: 0.9246792793273926
11:47:53 mesh - DEBUG - Maximum memory used by cuda: 1022.35MiB
11:47:53 geometry - DEBUG - Removing orphan meshs
11:47:53 opti - DEBUG - Writing surface mesh to simulation/tmpfcrock4a/simulation_5/surf5.inp
11:47:53 geometry - DEBUG - Tetrahedralizing surface mesh
11:48:09 geometry - DEBUG - Exporting mesh with 429250 elements, 116541 vertices, 3292 boundaries with marker 1, 8034 boundaries with marker 2, and 194618 boundaries with marker 3.
11:48:12 geometry - DEBUG - 1 0-Normal vectors detected
11:48:39 opti - DEBUG - Volume: 0.90878, dVolume: (60,) array with mean -0.010096
11:50:48 opti - DEBUG - Compliance: 8.7207, dCompliance: (60,) array with mean 5.1049e-07
11:50:48 opti - DEBUG - Finished iteration 5  with compliance 8.720692220666482 and volume 0.9087824482439764
11:50:48 opti - DEBUG - Saving simulation results to optimization_runs/opti_double_lattice_8x4_no_topo/simulation_5
11:50:48 MMA - INFO - It.:    5 | Obj.: 2.647e+00 | Constr.:  4.088e-01 | ch.: 1.384e-07 | C: 8.721e+00
11:50:48 opti - DEBUG - Computing Solution
11:50:48 opti - DEBUG - Generating Geometry
11:50:48 mesh - DEBUG - Querying 316030 DeepSDF points
11:50:48 utils - DEBUG - torch.cuda.memory_allocated: 331.32MiB | torch.cuda.memory_reserved: 808.00MiB
11:50:48 mesh - DEBUG - Computing DeepSDF derivatives
11:50:49 mesh - DEBUG - Time for querying 316030 points and computing derivatives: 0.9640700817108154
11:50:49 mesh - DEBUG - Maximum memory used by cuda:   1.01GiB
11:50:49 geometry - DEBUG - Removing orphan meshs
11:50:49 caching - DEBUG - 5 items cleared from cache: ['edges_face', 'edges', 'edges_sorted', 'face_adjacency_edges', 'face_adjacency']
11:50:49 opti - DEBUG - Writing surface mesh to simulation/tmpsp60z5ml/simulation_6/surf6.inp
11:50:50 geometry - DEBUG - Tetrahedralizing surface mesh
11:51:01 geometry - DEBUG - Exporting mesh with 346113 elements, 92834 vertices, 3292 boundaries with marker 1, 8034 boundaries with marker 2, and 147406 boundaries with marker 3.
11:51:04 geometry - DEBUG - 1 0-Normal vectors detected
11:51:25 opti - DEBUG - Volume: 0.67487, dVolume: (60,) array with mean -0.011661
11:56:29 opti - DEBUG - Compliance: 23.587, dCompliance: (60,) array with mean 3.8306e-06
11:56:29 opti - DEBUG - Finished iteration 6  with compliance 23.58651646971904 and volume 0.674867725981961
11:56:29 opti - DEBUG - Saving simulation results to optimization_runs/opti_double_lattice_8x4_no_topo/simulation_6
11:56:29 MMA - INFO - It.:    6 | Obj.: 7.159e+00 | Constr.:  1.749e-01 | ch.: 3.054e+06 | C: 2.359e+01
11:56:29 opti - DEBUG - Computing Solution
11:56:29 opti - DEBUG - Generating Geometry
11:56:29 mesh - DEBUG - Querying 316030 DeepSDF points
11:56:29 utils - DEBUG - torch.cuda.memory_allocated: 331.52MiB | torch.cuda.memory_reserved: 770.00MiB
11:56:29 mesh - DEBUG - Computing DeepSDF derivatives
11:56:30 mesh - DEBUG - Time for querying 316030 points and computing derivatives: 0.944286584854126
11:56:30 mesh - DEBUG - Maximum memory used by cuda:   1.01GiB
11:56:30 geometry - DEBUG - Removing orphan meshs
11:56:30 caching - DEBUG - 5 items cleared from cache: ['edges_face', 'edges', 'edges_sorted', 'face_adjacency_edges', 'face_adjacency']
11:56:30 opti - DEBUG - Writing surface mesh to simulation/tmp7fape5i_/simulation_7/surf7.inp
11:56:31 geometry - DEBUG - Tetrahedralizing surface mesh
11:56:41 geometry - DEBUG - Exporting mesh with 313821 elements, 82135 vertices, 3292 boundaries with marker 1, 8034 boundaries with marker 2, and 126622 boundaries with marker 3.
11:56:44 geometry - DEBUG - 1 0-Normal vectors detected
11:57:01 opti - DEBUG - Volume: 0.63388, dVolume: (60,) array with mean -0.012203
12:00:32 opti - DEBUG - Compliance: 29.006, dCompliance: (60,) array with mean 6.0249e-06
12:00:32 opti - DEBUG - Finished iteration 7  with compliance 29.005766884351015 and volume 0.633884828203191
12:00:32 opti - DEBUG - Saving simulation results to optimization_runs/opti_double_lattice_8x4_no_topo/simulation_7
12:00:32 MMA - INFO - It.:    7 | Obj.: 8.804e+00 | Constr.:  1.339e-01 | ch.: 6.967e-01 | C: 2.901e+01
12:00:32 opti - DEBUG - Computing Solution
12:00:32 opti - DEBUG - Generating Geometry
12:00:32 mesh - DEBUG - Querying 316030 DeepSDF points
12:00:32 utils - DEBUG - torch.cuda.memory_allocated: 332.69MiB | torch.cuda.memory_reserved: 814.00MiB
12:00:32 mesh - DEBUG - Computing DeepSDF derivatives
12:00:33 mesh - DEBUG - Time for querying 316030 points and computing derivatives: 0.9541213512420654
12:00:33 mesh - DEBUG - Maximum memory used by cuda:   1.01GiB
12:00:33 geometry - DEBUG - Removing orphan meshs
12:00:33 caching - DEBUG - 5 items cleared from cache: ['edges_face', 'edges', 'edges_sorted', 'face_adjacency_edges', 'face_adjacency']
12:00:33 opti - DEBUG - Writing surface mesh to simulation/tmpv86dzigw/simulation_8/surf8.inp
12:00:34 geometry - DEBUG - Tetrahedralizing surface mesh
12:00:44 geometry - DEBUG - Exporting mesh with 314100 elements, 82202 vertices, 3292 boundaries with marker 1, 8034 boundaries with marker 2, and 126622 boundaries with marker 3.
12:00:46 geometry - DEBUG - 1 0-Normal vectors detected
12:01:04 opti - DEBUG - Volume: 0.63388, dVolume: (60,) array with mean -0.012203
12:04:37 opti - DEBUG - Compliance: 28.637, dCompliance: (60,) array with mean 5.965e-06
12:04:37 opti - DEBUG - Finished iteration 8  with compliance 28.636536559787555 and volume 0.6338848282508566
12:04:37 opti - DEBUG - Saving simulation results to optimization_runs/opti_double_lattice_8x4_no_topo/simulation_8
12:04:37 MMA - INFO - It.:    8 | Obj.: 8.692e+00 | Constr.:  1.339e-01 | ch.: 1.405e-06 | C: 2.864e+01
12:04:37 MMA - INFO - It.:    9 | Obj.: 8.692e+00 | Constr.:  1.339e-01 | ch.: 7.712e-07 | C: 2.864e+01
12:04:37 MMA - INFO - It.:   10 | Obj.: 8.692e+00 | Constr.:  1.339e-01 | ch.: 1.652e-06 | C: 2.864e+01
12:04:37 MMA - INFO - It.:   11 | Obj.: 8.692e+00 | Constr.:  1.339e-01 | ch.: 2.360e-06 | C: 2.864e+01
12:04:37 MMA - INFO - It.:   12 | Obj.: 8.692e+00 | Constr.:  1.339e-01 | ch.: 1.310e-06 | C: 2.864e+01
12:04:37 MMA - INFO - It.:   13 | Obj.: 8.692e+00 | Constr.:  1.339e-01 | ch.: 2.813e-06 | C: 2.864e+01
12:04:37 MMA - INFO - It.:   14 | Obj.: 8.692e+00 | Constr.:  1.339e-01 | ch.: 4.023e-06 | C: 2.864e+01
12:04:37 MMA - INFO - It.:   15 | Obj.: 8.692e+00 | Constr.:  1.339e-01 | ch.: 2.239e-06 | C: 2.864e+01
12:04:37 MMA - INFO - It.:   16 | Obj.: 8.692e+00 | Constr.:  1.339e-01 | ch.: 5.496e-06 | C: 2.864e+01
12:04:37 MMA - INFO - It.:   17 | Obj.: 8.692e+00 | Constr.:  1.339e-01 | ch.: 1.026e-05 | C: 2.864e+01
12:04:37 MMA - INFO - It.:   18 | Obj.: 8.692e+00 | Constr.:  1.339e-01 | ch.: 5.695e-06 | C: 2.864e+01
12:04:37 MMA - INFO - It.:   19 | Obj.: 8.692e+00 | Constr.:  1.339e-01 | ch.: 1.220e-05 | C: 2.864e+01
12:04:37 MMA - INFO - It.:   20 | Obj.: 8.692e+00 | Constr.:  1.339e-01 | ch.: 1.744e-05 | C: 2.864e+01
12:04:37 MMA - INFO - It.:   21 | Obj.: 8.692e+00 | Constr.:  1.339e-01 | ch.: 9.690e-06 | C: 2.864e+01
12:04:38 MMA - INFO - It.:   22 | Obj.: 8.692e+00 | Constr.:  1.339e-01 | ch.: 2.077e-05 | C: 2.864e+01
12:04:38 MMA - INFO - It.:   23 | Obj.: 8.692e+00 | Constr.:  1.339e-01 | ch.: 2.970e-05 | C: 2.864e+01
12:04:38 MMA - INFO - It.:   24 | Obj.: 8.692e+00 | Constr.:  1.339e-01 | ch.: 1.650e-05 | C: 2.864e+01
12:04:38 MMA - INFO - It.:   25 | Obj.: 8.692e+00 | Constr.:  1.339e-01 | ch.: 3.537e-05 | C: 2.864e+01
12:04:38 MMA - INFO - It.:   26 | Obj.: 8.692e+00 | Constr.:  1.339e-01 | ch.: 5.059e-05 | C: 2.864e+01
12:04:38 MMA - INFO - It.:   27 | Obj.: 8.692e+00 | Constr.:  1.339e-01 | ch.: 2.812e-05 | C: 2.864e+01
12:04:38 MMA - INFO - It.:   28 | Obj.: 8.692e+00 | Constr.:  1.339e-01 | ch.: 6.028e-05 | C: 2.864e+01
12:04:38 MMA - INFO - It.:   29 | Obj.: 8.692e+00 | Constr.:  1.339e-01 | ch.: 8.630e-05 | C: 2.864e+01
12:04:38 MMA - INFO - It.:   30 | Obj.: 8.692e+00 | Constr.:  1.339e-01 | ch.: 4.798e-05 | C: 2.864e+01
12:04:38 MMA - INFO - It.:   31 | Obj.: 8.692e+00 | Constr.:  1.339e-01 | ch.: 1.011e-04 | C: 2.864e+01
12:04:38 MMA - INFO - It.:   32 | Obj.: 8.692e+00 | Constr.:  1.339e-01 | ch.: 1.456e-04 | C: 2.864e+01
12:04:38 MMA - INFO - It.:   33 | Obj.: 8.692e+00 | Constr.:  1.339e-01 | ch.: 8.091e-05 | C: 2.864e+01
12:04:38 MMA - INFO - It.:   34 | Obj.: 8.692e+00 | Constr.:  1.339e-01 | ch.: 1.733e-04 | C: 2.864e+01
12:04:38 MMA - INFO - It.:   35 | Obj.: 8.692e+00 | Constr.:  1.339e-01 | ch.: 2.475e-04 | C: 2.864e+01
12:04:38 MMA - INFO - It.:   36 | Obj.: 8.692e+00 | Constr.:  1.339e-01 | ch.: 1.375e-04 | C: 2.864e+01
12:04:38 MMA - INFO - It.:   37 | Obj.: 8.692e+00 | Constr.:  1.339e-01 | ch.: 6.923e-04 | C: 2.864e+01
12:04:38 MMA - INFO - It.:   38 | Obj.: 8.692e+00 | Constr.:  1.339e-01 | ch.: 8.227e-04 | C: 2.864e+01
12:04:38 MMA - INFO - It.:   39 | Obj.: 8.692e+00 | Constr.:  1.339e-01 | ch.: 8.241e-04 | C: 2.864e+01
12:04:38 MMA - INFO - It.:   40 | Obj.: 8.692e+00 | Constr.:  1.339e-01 | ch.: 1.704e-07 | C: 2.864e+01
12:04:39 MMA - INFO - It.:   41 | Obj.: 8.692e+00 | Constr.:  1.339e-01 | ch.: 8.381e-07 | C: 2.864e+01
12:04:39 MMA - INFO - It.:   42 | Obj.: 8.692e+00 | Constr.:  1.339e-01 | ch.: 8.381e-07 | C: 2.864e+01
12:04:39 MMA - INFO - It.:   43 | Obj.: 8.692e+00 | Constr.:  1.339e-01 | ch.: 0.000e+00 | C: 2.864e+01
12:04:39 MMA - INFO - Convergence reached
